This file contains any messages produced by compilers while
running configure, to aid debugging if configure makes a mistake.

It was created by zeromq configure 4.0.5, which was
generated by GNU Autoconf 2.68.  Invocation command line was

  $ ./configure --prefix=/Users/apple/project/SwiftSnails/third/zeromq-4.0.5/../local/zeromq

## --------- ##
## Platform. ##
## --------- ##

hostname = appledeMacBook-Air.local
uname -m = x86_64
uname -r = 14.0.0
uname -s = Darwin
uname -v = Darwin Kernel Version 14.0.0: Fri Sep 19 00:26:44 PDT 2014; root:xnu-2782.1.97~2/RELEASE_X86_64

/usr/bin/uname -p = i386
/bin/uname -X     = unknown

/bin/arch              = unknown
/usr/bin/arch -k       = unknown
/usr/convex/getsysinfo = unknown
/usr/bin/hostinfo      = Mach kernel version:
	 Darwin Kernel Version 14.0.0: Fri Sep 19 00:26:44 PDT 2014; root:xnu-2782.1.97~2/RELEASE_X86_64
Kernel configured for up to 4 processors.
2 processors are physically available.
4 processors are logically available.
Processor type: x86_64h (Intel x86-64h Haswell)
Processors active: 0 1 2 3
Primary memory available: 4.00 gigabytes
Default processor set: 241 tasks, 1006 threads, 4 processors
Load average: 1.42, Mach factor: 2.57
/bin/machine           = unknown
/usr/bin/oslevel       = unknown
/bin/universe          = unknown

PATH: /usr/local/bin
PATH: /usr/bin
PATH: /bin
PATH: /usr/sbin
PATH: /sbin


## ----------- ##
## Core tests. ##
## ----------- ##

configure:2750: checking for a BSD-compatible install
configure:2818: result: /usr/bin/install -c
configure:2829: checking whether build environment is sane
configure:2879: result: yes
configure:3020: checking for a thread-safe mkdir -p
configure:3059: result: config/install-sh -c -d
configure:3072: checking for gawk
configure:3102: result: no
configure:3072: checking for mawk
configure:3102: result: no
configure:3072: checking for nawk
configure:3102: result: no
configure:3072: checking for awk
configure:3088: found /usr/bin/awk
configure:3099: result: awk
configure:3110: checking whether make sets $(MAKE)
configure:3132: result: yes
configure:3207: checking how to create a ustar tar archive
configure:3220: tar --version
bsdtar 2.8.3 - libarchive 2.8.3
configure:3223: $? = 0
configure:3263: tardir=conftest.dir && eval tar --format=ustar -chf - "$tardir" >conftest.tar
configure:3266: $? = 0
configure:3270: tar -xf - <conftest.tar
configure:3273: $? = 0
configure:3286: result: gnutar
configure:3304: checking whether make supports nested variables
configure:3321: result: yes
configure:3408: checking for gcc
configure:3424: found /usr/bin/gcc
configure:3435: result: gcc
configure:3664: checking for C compiler version
configure:3673: gcc --version >&5
Apple LLVM version 6.0 (clang-600.0.54) (based on LLVM 3.5svn)
Target: x86_64-apple-darwin14.0.0
Thread model: posix
Configured with: --prefix=/Library/Developer/CommandLineTools/usr --with-gxx-include-dir=/usr/include/c++/4.2.1
configure:3684: $? = 0
configure:3673: gcc -v >&5
Configured with: --prefix=/Library/Developer/CommandLineTools/usr --with-gxx-include-dir=/usr/include/c++/4.2.1
Apple LLVM version 6.0 (clang-600.0.54) (based on LLVM 3.5svn)
Target: x86_64-apple-darwin14.0.0
Thread model: posix
configure:3684: $? = 0
configure:3673: gcc -V >&5
clang: error: argument to '-V' is missing (expected 1 value)
clang: error: no input files
configure:3684: $? = 1
configure:3673: gcc -qversion >&5
clang: error: unknown argument: '-qversion'
clang: error: no input files
configure:3684: $? = 1
configure:3704: checking whether the C compiler works
configure:3726: gcc    conftest.c  >&5
configure:3730: $? = 0
configure:3778: result: yes
configure:3781: checking for C compiler default output file name
configure:3783: result: a.out
configure:3789: checking for suffix of executables
configure:3796: gcc -o conftest    conftest.c  >&5
configure:3800: $? = 0
configure:3822: result: 
configure:3844: checking whether we are cross compiling
configure:3852: gcc -o conftest    conftest.c  >&5
configure:3856: $? = 0
configure:3863: ./conftest
configure:3867: $? = 0
configure:3882: result: no
configure:3887: checking for suffix of object files
configure:3909: gcc -c   conftest.c >&5
configure:3913: $? = 0
configure:3934: result: o
configure:3938: checking whether we are using the GNU C compiler
configure:3957: gcc -c   conftest.c >&5
configure:3957: $? = 0
configure:3966: result: yes
configure:3975: checking whether gcc accepts -g
configure:3995: gcc -c -g  conftest.c >&5
configure:3995: $? = 0
configure:4036: result: yes
configure:4053: checking for gcc option to accept ISO C89
configure:4117: gcc  -c -g -O2  conftest.c >&5
configure:4117: $? = 0
configure:4130: result: none needed
configure:4161: checking for style of include used by make
configure:4189: result: GNU
configure:4215: checking dependency style of gcc
configure:4326: result: gcc3
configure:4341: checking for gcc option to accept ISO C99
configure:4490: gcc  -c -g -O2  conftest.c >&5
configure:4490: $? = 0
configure:4503: result: none needed
configure:4576: checking for g++
configure:4592: found /usr/bin/g++
configure:4603: result: g++
configure:4630: checking for C++ compiler version
configure:4639: g++ --version >&5
Apple LLVM version 6.0 (clang-600.0.54) (based on LLVM 3.5svn)
Target: x86_64-apple-darwin14.0.0
Thread model: posix
Configured with: --prefix=/Library/Developer/CommandLineTools/usr --with-gxx-include-dir=/usr/include/c++/4.2.1
configure:4650: $? = 0
configure:4639: g++ -v >&5
Configured with: --prefix=/Library/Developer/CommandLineTools/usr --with-gxx-include-dir=/usr/include/c++/4.2.1
Apple LLVM version 6.0 (clang-600.0.54) (based on LLVM 3.5svn)
Target: x86_64-apple-darwin14.0.0
Thread model: posix
configure:4650: $? = 0
configure:4639: g++ -V >&5
clang: error: argument to '-V' is missing (expected 1 value)
clang: error: no input files
configure:4650: $? = 1
configure:4639: g++ -qversion >&5
clang: error: unknown argument: '-qversion'
clang: error: no input files
configure:4650: $? = 1
configure:4654: checking whether we are using the GNU C++ compiler
configure:4673: g++ -c   conftest.cpp >&5
configure:4673: $? = 0
configure:4682: result: yes
configure:4691: checking whether g++ accepts -g
configure:4711: g++ -c -g  conftest.cpp >&5
configure:4711: $? = 0
configure:4752: result: yes
configure:4777: checking dependency style of g++
configure:4888: result: gcc3
configure:4904: checking whether gcc and cc understand -c and -o together
configure:4935: gcc -c conftest.c -o conftest2.o >&5
configure:4939: $? = 0
configure:4945: gcc -c conftest.c -o conftest2.o >&5
configure:4949: $? = 0
configure:4960: cc -c conftest.c >&5
configure:4964: $? = 0
configure:4972: cc -c conftest.c -o conftest2.o >&5
configure:4976: $? = 0
configure:4982: cc -c conftest.c -o conftest2.o >&5
configure:4986: $? = 0
configure:5004: result: yes
configure:5029: checking for a sed that does not truncate output
configure:5093: result: /usr/bin/sed
configure:5102: checking for gawk
configure:5129: result: awk
configure:5145: checking for xmlto
configure:5178: result: no
configure:5186: checking for asciidoc
configure:5219: result: no
configure:5228: checking build system type
configure:5242: result: x86_64-apple-darwin14.0.0
configure:5262: checking host system type
configure:5275: result: x86_64-apple-darwin14.0.0
configure:5716: checking how to print strings
configure:5743: result: printf
configure:5764: checking for a sed that does not truncate output
configure:5828: result: /usr/bin/sed
configure:5846: checking for grep that handles long lines and -e
configure:5904: result: /usr/bin/grep
configure:5909: checking for egrep
configure:5971: result: /usr/bin/grep -E
configure:5976: checking for fgrep
configure:6038: result: /usr/bin/grep -F
configure:6073: checking for ld used by gcc
configure:6140: result: /Library/Developer/CommandLineTools/usr/bin/ld
configure:6147: checking if the linker (/Library/Developer/CommandLineTools/usr/bin/ld) is GNU ld
configure:6162: result: no
configure:6174: checking for BSD- or MS-compatible name lister (nm)
configure:6223: result: /usr/bin/nm
configure:6353: checking the name lister (/usr/bin/nm) interface
configure:6360: gcc -c -g -O2  conftest.c >&5
configure:6363: /usr/bin/nm "conftest.o"
configure:6366: output
0000000000000234 S _some_variable
configure:6373: result: BSD nm
configure:6376: checking whether ln -s works
configure:6380: result: yes
configure:6388: checking the maximum length of command line arguments
configure:6518: result: 196608
configure:6535: checking whether the shell understands some XSI constructs
configure:6545: result: yes
configure:6549: checking whether the shell understands "+="
configure:6555: result: yes
configure:6590: checking how to convert x86_64-apple-darwin14.0.0 file names to x86_64-apple-darwin14.0.0 format
configure:6630: result: func_convert_file_noop
configure:6637: checking how to convert x86_64-apple-darwin14.0.0 file names to toolchain format
configure:6657: result: func_convert_file_noop
configure:6664: checking for /Library/Developer/CommandLineTools/usr/bin/ld option to reload object files
configure:6671: result: -r
configure:6745: checking for objdump
configure:6772: result: objdump
configure:6801: checking how to recognize dependent libraries
configure:7003: result: pass_all
configure:7088: checking for dlltool
configure:7115: result: dlltool
configure:7145: checking how to associate runtime and link libraries
configure:7172: result: printf %s\n
configure:7233: checking for ar
configure:7249: found /usr/bin/ar
configure:7260: result: ar
configure:7297: checking for archiver @FILE support
configure:7314: gcc -c -g -O2  conftest.c >&5
configure:7314: $? = 0
configure:7317: ar cru libconftest.a @conftest.lst >&5
ar: @conftest.lst: No such file or directory
configure:7320: $? = 1
configure:7340: result: no
configure:7398: checking for strip
configure:7414: found /usr/bin/strip
configure:7425: result: strip
configure:7497: checking for ranlib
configure:7513: found /usr/bin/ranlib
configure:7524: result: ranlib
configure:7626: checking command to parse /usr/bin/nm output from gcc object
configure:7746: gcc -c -g -O2  conftest.c >&5
configure:7749: $? = 0
configure:7753: /usr/bin/nm conftest.o \| sed -n -e 's/^.*[ ]\([BCDEGRST][BCDEGRST]*\)[ ][ ]*\([_A-Za-z][_A-Za-z0-9]*\)$/\1 \2 \2/p' | sed '/ __gnu_lto/d' \> conftest.nm
configure:7756: $? = 0
cannot find nm_test_var in conftest.nm
configure:7746: gcc -c -g -O2  conftest.c >&5
configure:7749: $? = 0
configure:7753: /usr/bin/nm conftest.o \| sed -n -e 's/^.*[ ]\([BCDEGRST][BCDEGRST]*\)[ ][ ]*_\([_A-Za-z][_A-Za-z0-9]*\)$/\1 _\2 \2/p' | sed '/ __gnu_lto/d' \> conftest.nm
configure:7756: $? = 0
configure:7822: gcc -o conftest -g -O2   conftest.c conftstm.o >&5
configure:7825: $? = 0
configure:7863: result: ok
configure:7900: checking for sysroot
configure:7930: result: no
configure:8186: checking for mt
configure:8216: result: no
configure:8236: checking if : is a manifest tool
configure:8242: : '-?'
configure:8250: result: no
configure:8306: checking for dsymutil
configure:8322: found /usr/bin/dsymutil
configure:8333: result: dsymutil
configure:8398: checking for nmedit
configure:8414: found /usr/bin/nmedit
configure:8425: result: nmedit
configure:8490: checking for lipo
configure:8506: found /usr/bin/lipo
configure:8517: result: lipo
configure:8582: checking for otool
configure:8598: found /usr/bin/otool
configure:8609: result: otool
configure:8674: checking for otool64
configure:8704: result: no
configure:8749: checking for -single_module linker flag
gcc -g -O2  -o libconftest.dylib -dynamiclib -Wl,-single_module conftest.c
configure:8782: result: yes
configure:8785: checking for -exported_symbols_list linker flag
configure:8805: gcc -o conftest -g -O2   -Wl,-exported_symbols_list,conftest.sym conftest.c  >&5
configure:8805: $? = 0
configure:8815: result: yes
configure:8818: checking for -force_load linker flag
gcc -g -O2 -c -o conftest.o conftest.c
ar cru libconftest.a conftest.o
ranlib libconftest.a
gcc -g -O2  -o conftest conftest.c -Wl,-force_load,./libconftest.a
configure:8850: result: yes
configure:8892: checking how to run the C preprocessor
configure:8923: gcc -E  conftest.c
configure:8923: $? = 0
configure:8937: gcc -E  conftest.c
conftest.c:11:10: fatal error: 'ac_nonexistent.h' file not found
#include <ac_nonexistent.h>
         ^
1 error generated.
configure:8937: $? = 1
configure: failed program was:
| /* confdefs.h */
| #define PACKAGE_NAME "zeromq"
| #define PACKAGE_TARNAME "zeromq"
| #define PACKAGE_VERSION "4.0.5"
| #define PACKAGE_STRING "zeromq 4.0.5"
| #define PACKAGE_BUGREPORT "zeromq-dev@lists.zeromq.org"
| #define PACKAGE_URL ""
| #define PACKAGE "zeromq"
| #define VERSION "4.0.5"
| /* end confdefs.h.  */
| #include <ac_nonexistent.h>
configure:8962: result: gcc -E
configure:8982: gcc -E  conftest.c
configure:8982: $? = 0
configure:8996: gcc -E  conftest.c
conftest.c:11:10: fatal error: 'ac_nonexistent.h' file not found
#include <ac_nonexistent.h>
         ^
1 error generated.
configure:8996: $? = 1
configure: failed program was:
| /* confdefs.h */
| #define PACKAGE_NAME "zeromq"
| #define PACKAGE_TARNAME "zeromq"
| #define PACKAGE_VERSION "4.0.5"
| #define PACKAGE_STRING "zeromq 4.0.5"
| #define PACKAGE_BUGREPORT "zeromq-dev@lists.zeromq.org"
| #define PACKAGE_URL ""
| #define PACKAGE "zeromq"
| #define VERSION "4.0.5"
| /* end confdefs.h.  */
| #include <ac_nonexistent.h>
configure:9025: checking for ANSI C header files
configure:9045: gcc -c -g -O2  conftest.c >&5
configure:9045: $? = 0
configure:9118: gcc -o conftest -g -O2   conftest.c  >&5
configure:9118: $? = 0
configure:9118: ./conftest
configure:9118: $? = 0
configure:9129: result: yes
configure:9142: checking for sys/types.h
configure:9142: gcc -c -g -O2  conftest.c >&5
configure:9142: $? = 0
configure:9142: result: yes
configure:9142: checking for sys/stat.h
configure:9142: gcc -c -g -O2  conftest.c >&5
configure:9142: $? = 0
configure:9142: result: yes
configure:9142: checking for stdlib.h
configure:9142: gcc -c -g -O2  conftest.c >&5
configure:9142: $? = 0
configure:9142: result: yes
configure:9142: checking for string.h
configure:9142: gcc -c -g -O2  conftest.c >&5
configure:9142: $? = 0
configure:9142: result: yes
configure:9142: checking for memory.h
configure:9142: gcc -c -g -O2  conftest.c >&5
configure:9142: $? = 0
configure:9142: result: yes
configure:9142: checking for strings.h
configure:9142: gcc -c -g -O2  conftest.c >&5
configure:9142: $? = 0
configure:9142: result: yes
configure:9142: checking for inttypes.h
configure:9142: gcc -c -g -O2  conftest.c >&5
configure:9142: $? = 0
configure:9142: result: yes
configure:9142: checking for stdint.h
configure:9142: gcc -c -g -O2  conftest.c >&5
configure:9142: $? = 0
configure:9142: result: yes
configure:9142: checking for unistd.h
configure:9142: gcc -c -g -O2  conftest.c >&5
configure:9142: $? = 0
configure:9142: result: yes
configure:9156: checking for dlfcn.h
configure:9156: gcc -c -g -O2  conftest.c >&5
configure:9156: $? = 0
configure:9156: result: yes
configure:9341: checking for objdir
configure:9356: result: .libs
configure:9627: checking if gcc supports -fno-rtti -fno-exceptions
configure:9645: gcc -c -g -O2  -fno-rtti -fno-exceptions conftest.c >&5
configure:9649: $? = 0
configure:9662: result: yes
configure:9989: checking for gcc option to produce PIC
configure:9996: result: -fno-common -DPIC
configure:10004: checking if gcc PIC flag -fno-common -DPIC works
configure:10022: gcc -c -g -O2  -fno-common -DPIC -DPIC conftest.c >&5
configure:10026: $? = 0
configure:10039: result: yes
configure:10068: checking if gcc static flag -static works
configure:10096: result: no
configure:10111: checking if gcc supports -c -o file.o
configure:10132: gcc -c -g -O2  -o out/conftest2.o conftest.c >&5
configure:10136: $? = 0
configure:10158: result: yes
configure:10166: checking if gcc supports -c -o file.o
configure:10213: result: yes
configure:10246: checking whether the gcc linker (/Library/Developer/CommandLineTools/usr/bin/ld) supports shared libraries
configure:11403: result: yes
configure:11643: checking dynamic linker characteristics
configure:12388: result: darwin14.0.0 dyld
configure:12495: checking how to hardcode library paths into programs
configure:12520: result: immediate
configure:13060: checking whether stripping libraries is possible
configure:13074: result: yes
configure:13100: checking if libtool supports shared libraries
configure:13102: result: yes
configure:13105: checking whether to build shared libraries
configure:13126: result: yes
configure:13129: checking whether to build static libraries
configure:13133: result: yes
configure:13156: checking how to run the C++ preprocessor
configure:13183: g++ -E  conftest.cpp
configure:13183: $? = 0
configure:13197: g++ -E  conftest.cpp
conftest.cpp:23:10: fatal error: 'ac_nonexistent.h' file not found
#include <ac_nonexistent.h>
         ^
1 error generated.
configure:13197: $? = 1
configure: failed program was:
| /* confdefs.h */
| #define PACKAGE_NAME "zeromq"
| #define PACKAGE_TARNAME "zeromq"
| #define PACKAGE_VERSION "4.0.5"
| #define PACKAGE_STRING "zeromq 4.0.5"
| #define PACKAGE_BUGREPORT "zeromq-dev@lists.zeromq.org"
| #define PACKAGE_URL ""
| #define PACKAGE "zeromq"
| #define VERSION "4.0.5"
| #define STDC_HEADERS 1
| #define HAVE_SYS_TYPES_H 1
| #define HAVE_SYS_STAT_H 1
| #define HAVE_STDLIB_H 1
| #define HAVE_STRING_H 1
| #define HAVE_MEMORY_H 1
| #define HAVE_STRINGS_H 1
| #define HAVE_INTTYPES_H 1
| #define HAVE_STDINT_H 1
| #define HAVE_UNISTD_H 1
| #define HAVE_DLFCN_H 1
| #define LT_OBJDIR ".libs/"
| /* end confdefs.h.  */
| #include <ac_nonexistent.h>
configure:13222: result: g++ -E
configure:13242: g++ -E  conftest.cpp
configure:13242: $? = 0
configure:13256: g++ -E  conftest.cpp
conftest.cpp:23:10: fatal error: 'ac_nonexistent.h' file not found
#include <ac_nonexistent.h>
         ^
1 error generated.
configure:13256: $? = 1
configure: failed program was:
| /* confdefs.h */
| #define PACKAGE_NAME "zeromq"
| #define PACKAGE_TARNAME "zeromq"
| #define PACKAGE_VERSION "4.0.5"
| #define PACKAGE_STRING "zeromq 4.0.5"
| #define PACKAGE_BUGREPORT "zeromq-dev@lists.zeromq.org"
| #define PACKAGE_URL ""
| #define PACKAGE "zeromq"
| #define VERSION "4.0.5"
| #define STDC_HEADERS 1
| #define HAVE_SYS_TYPES_H 1
| #define HAVE_SYS_STAT_H 1
| #define HAVE_STDLIB_H 1
| #define HAVE_STRING_H 1
| #define HAVE_MEMORY_H 1
| #define HAVE_STRINGS_H 1
| #define HAVE_INTTYPES_H 1
| #define HAVE_STDINT_H 1
| #define HAVE_UNISTD_H 1
| #define HAVE_DLFCN_H 1
| #define LT_OBJDIR ".libs/"
| /* end confdefs.h.  */
| #include <ac_nonexistent.h>
configure:13425: checking for ld used by g++
configure:13492: result: /Library/Developer/CommandLineTools/usr/bin/ld
configure:13499: checking if the linker (/Library/Developer/CommandLineTools/usr/bin/ld) is GNU ld
configure:13514: result: no
configure:13569: checking whether the g++ linker (/Library/Developer/CommandLineTools/usr/bin/ld) supports shared libraries
configure:14574: result: yes
configure:14610: g++ -c -g -O2  conftest.cpp >&5
configure:14613: $? = 0
configure:15133: checking for g++ option to produce PIC
configure:15140: result: -fno-common -DPIC
configure:15148: checking if g++ PIC flag -fno-common -DPIC works
configure:15166: g++ -c -g -O2  -fno-common -DPIC -DPIC conftest.cpp >&5
configure:15170: $? = 0
configure:15183: result: yes
configure:15206: checking if g++ static flag -static works
configure:15234: result: no
configure:15246: checking if g++ supports -c -o file.o
configure:15267: g++ -c -g -O2  -o out/conftest2.o conftest.cpp >&5
configure:15271: $? = 0
configure:15293: result: yes
configure:15298: checking if g++ supports -c -o file.o
configure:15345: result: yes
configure:15375: checking whether the g++ linker (/Library/Developer/CommandLineTools/usr/bin/ld) supports shared libraries
configure:15414: result: yes
configure:15555: checking dynamic linker characteristics
configure:16234: result: darwin14.0.0 dyld
configure:16287: checking how to hardcode library paths into programs
configure:16312: result: immediate
configure:16385: checking whether the C compiler works
configure:16401: gcc -o conftest -g -O2   conftest.c  >&5
configure:16401: $? = 0
configure:16410: result: yes
configure:16418: checking whether we are using Intel C compiler
configure:16437: gcc -c -g -O2  conftest.c >&5
conftest.c:28:8: error: use of undeclared identifier 'error'
       error if not ICC
       ^
1 error generated.
configure:16437: $? = 1
configure: failed program was:
| /* confdefs.h */
| #define PACKAGE_NAME "zeromq"
| #define PACKAGE_TARNAME "zeromq"
| #define PACKAGE_VERSION "4.0.5"
| #define PACKAGE_STRING "zeromq 4.0.5"
| #define PACKAGE_BUGREPORT "zeromq-dev@lists.zeromq.org"
| #define PACKAGE_URL ""
| #define PACKAGE "zeromq"
| #define VERSION "4.0.5"
| #define STDC_HEADERS 1
| #define HAVE_SYS_TYPES_H 1
| #define HAVE_SYS_STAT_H 1
| #define HAVE_STDLIB_H 1
| #define HAVE_STRING_H 1
| #define HAVE_MEMORY_H 1
| #define HAVE_STRINGS_H 1
| #define HAVE_INTTYPES_H 1
| #define HAVE_STDINT_H 1
| #define HAVE_UNISTD_H 1
| #define HAVE_DLFCN_H 1
| #define LT_OBJDIR ".libs/"
| /* end confdefs.h.  */
| 
| int
| main ()
| {
| #ifndef __INTEL_COMPILER
|        error if not ICC
| #endif
| 
|   ;
|   return 0;
| }
configure:16445: result: no
configure:16447: checking whether we are using Sun Studio C compiler
configure:16466: gcc -c -g -O2  conftest.c >&5
conftest.c:28:8: error: use of undeclared identifier 'error'
       error if not sun studio
       ^
1 error generated.
configure:16466: $? = 1
configure: failed program was:
| /* confdefs.h */
| #define PACKAGE_NAME "zeromq"
| #define PACKAGE_TARNAME "zeromq"
| #define PACKAGE_VERSION "4.0.5"
| #define PACKAGE_STRING "zeromq 4.0.5"
| #define PACKAGE_BUGREPORT "zeromq-dev@lists.zeromq.org"
| #define PACKAGE_URL ""
| #define PACKAGE "zeromq"
| #define VERSION "4.0.5"
| #define STDC_HEADERS 1
| #define HAVE_SYS_TYPES_H 1
| #define HAVE_SYS_STAT_H 1
| #define HAVE_STDLIB_H 1
| #define HAVE_STRING_H 1
| #define HAVE_MEMORY_H 1
| #define HAVE_STRINGS_H 1
| #define HAVE_INTTYPES_H 1
| #define HAVE_STDINT_H 1
| #define HAVE_UNISTD_H 1
| #define HAVE_DLFCN_H 1
| #define LT_OBJDIR ".libs/"
| /* end confdefs.h.  */
| 
| int
| main ()
| {
| #if !defined(__SUNPRO_CC) && !defined(__SUNPRO_C)
|        error if not sun studio
| #endif
| 
|   ;
|   return 0;
| }
configure:16474: result: no
configure:16476: checking whether we are using clang C compiler
configure:16495: gcc -c -g -O2  conftest.c >&5
configure:16495: $? = 0
configure:16503: result: yes
configure:16505: checking whether we are using gcc >= 4 C compiler
configure:16524: gcc -c -g -O2  conftest.c >&5
configure:16524: $? = 0
configure:16532: result: yes
configure:16549: checking whether the C++ compiler works
configure:16565: g++ -o conftest -g -O2   conftest.cpp  >&5
configure:16565: $? = 0
configure:16574: result: yes
configure:16582: checking whether we are using Intel C++ compiler
configure:16601: g++ -c -g -O2  conftest.cpp >&5
conftest.cpp:28:8: error: use of undeclared identifier 'error'
       error if not ICC
       ^
1 error generated.
configure:16601: $? = 1
configure: failed program was:
| /* confdefs.h */
| #define PACKAGE_NAME "zeromq"
| #define PACKAGE_TARNAME "zeromq"
| #define PACKAGE_VERSION "4.0.5"
| #define PACKAGE_STRING "zeromq 4.0.5"
| #define PACKAGE_BUGREPORT "zeromq-dev@lists.zeromq.org"
| #define PACKAGE_URL ""
| #define PACKAGE "zeromq"
| #define VERSION "4.0.5"
| #define STDC_HEADERS 1
| #define HAVE_SYS_TYPES_H 1
| #define HAVE_SYS_STAT_H 1
| #define HAVE_STDLIB_H 1
| #define HAVE_STRING_H 1
| #define HAVE_MEMORY_H 1
| #define HAVE_STRINGS_H 1
| #define HAVE_INTTYPES_H 1
| #define HAVE_STDINT_H 1
| #define HAVE_UNISTD_H 1
| #define HAVE_DLFCN_H 1
| #define LT_OBJDIR ".libs/"
| /* end confdefs.h.  */
| 
| int
| main ()
| {
| #ifndef __INTEL_COMPILER
|        error if not ICC
| #endif
| 
|   ;
|   return 0;
| }
configure:16609: result: no
configure:16611: checking whether we are using Sun Studio C++ compiler
configure:16630: g++ -c -g -O2  conftest.cpp >&5
conftest.cpp:28:8: error: use of undeclared identifier 'error'
       error if not sun studio
       ^
1 error generated.
configure:16630: $? = 1
configure: failed program was:
| /* confdefs.h */
| #define PACKAGE_NAME "zeromq"
| #define PACKAGE_TARNAME "zeromq"
| #define PACKAGE_VERSION "4.0.5"
| #define PACKAGE_STRING "zeromq 4.0.5"
| #define PACKAGE_BUGREPORT "zeromq-dev@lists.zeromq.org"
| #define PACKAGE_URL ""
| #define PACKAGE "zeromq"
| #define VERSION "4.0.5"
| #define STDC_HEADERS 1
| #define HAVE_SYS_TYPES_H 1
| #define HAVE_SYS_STAT_H 1
| #define HAVE_STDLIB_H 1
| #define HAVE_STRING_H 1
| #define HAVE_MEMORY_H 1
| #define HAVE_STRINGS_H 1
| #define HAVE_INTTYPES_H 1
| #define HAVE_STDINT_H 1
| #define HAVE_UNISTD_H 1
| #define HAVE_DLFCN_H 1
| #define LT_OBJDIR ".libs/"
| /* end confdefs.h.  */
| 
| int
| main ()
| {
| #if !defined(__SUNPRO_CC) && !defined(__SUNPRO_C)
|        error if not sun studio
| #endif
| 
|   ;
|   return 0;
| }
configure:16638: result: no
configure:16640: checking whether we are using clang C++ compiler
configure:16659: g++ -c -g -O2  conftest.cpp >&5
configure:16659: $? = 0
configure:16667: result: yes
configure:16669: checking whether we are using gcc >= 4 C++ compiler
configure:16688: g++ -c -g -O2  conftest.cpp >&5
configure:16688: $? = 0
configure:16696: result: yes
configure:16730: checking whether to enable debugging information
configure:16768: result: no
configure:16785: checking whether to enable code coverage
configure:16816: result: no
configure:17059: checking whether C++ compiler supports -Wno-uninitialized
configure:17091: g++ -c -g -O2 -D_DARWIN_C_SOURCE -D_REENTRANT -D_THREAD_SAFE  -Wno-uninitialized conftest.cpp >&5
configure:17091: $? = 0
configure:17122: result: yes
configure:17639: checking for pthread_create in -lpthread
configure:17664: gcc -o conftest -g -O2 -Wno-uninitialized -D_DARWIN_C_SOURCE -D_REENTRANT -D_THREAD_SAFE   conftest.c -lpthread   >&5
configure:17664: $? = 0
configure:17673: result: yes
configure:17684: checking for clock_gettime in -lrt
configure:17709: gcc -o conftest -g -O2 -Wno-uninitialized -D_DARWIN_C_SOURCE -D_REENTRANT -D_THREAD_SAFE   conftest.c -lrt  -lpthread  >&5
ld: library not found for -lrt
clang: error: linker command failed with exit code 1 (use -v to see invocation)
configure:17709: $? = 1
configure: failed program was:
| /* confdefs.h */
| #define PACKAGE_NAME "zeromq"
| #define PACKAGE_TARNAME "zeromq"
| #define PACKAGE_VERSION "4.0.5"
| #define PACKAGE_STRING "zeromq 4.0.5"
| #define PACKAGE_BUGREPORT "zeromq-dev@lists.zeromq.org"
| #define PACKAGE_URL ""
| #define PACKAGE "zeromq"
| #define VERSION "4.0.5"
| #define STDC_HEADERS 1
| #define HAVE_SYS_TYPES_H 1
| #define HAVE_SYS_STAT_H 1
| #define HAVE_STDLIB_H 1
| #define HAVE_STRING_H 1
| #define HAVE_MEMORY_H 1
| #define HAVE_STRINGS_H 1
| #define HAVE_INTTYPES_H 1
| #define HAVE_STDINT_H 1
| #define HAVE_UNISTD_H 1
| #define HAVE_DLFCN_H 1
| #define LT_OBJDIR ".libs/"
| #define ZMQ_HAVE_OSX 1
| #define HAVE_LIBPTHREAD 1
| /* end confdefs.h.  */
| 
| /* Override any GCC internal prototype to avoid an error.
|    Use char because int might match the return type of a GCC
|    builtin and then its argument prototype would still apply.  */
| #ifdef __cplusplus
| extern "C"
| #endif
| char clock_gettime ();
| int
| main ()
| {
| return clock_gettime ();
|   ;
|   return 0;
| }
configure:17718: result: no
configure:17729: checking for sodium_init in -lsodium
configure:17754: gcc -o conftest -g -O2 -Wno-uninitialized -D_DARWIN_C_SOURCE -D_REENTRANT -D_THREAD_SAFE   conftest.c -lsodium  -lpthread  >&5
ld: library not found for -lsodium
clang: error: linker command failed with exit code 1 (use -v to see invocation)
configure:17754: $? = 1
configure: failed program was:
| /* confdefs.h */
| #define PACKAGE_NAME "zeromq"
| #define PACKAGE_TARNAME "zeromq"
| #define PACKAGE_VERSION "4.0.5"
| #define PACKAGE_STRING "zeromq 4.0.5"
| #define PACKAGE_BUGREPORT "zeromq-dev@lists.zeromq.org"
| #define PACKAGE_URL ""
| #define PACKAGE "zeromq"
| #define VERSION "4.0.5"
| #define STDC_HEADERS 1
| #define HAVE_SYS_TYPES_H 1
| #define HAVE_SYS_STAT_H 1
| #define HAVE_STDLIB_H 1
| #define HAVE_STRING_H 1
| #define HAVE_MEMORY_H 1
| #define HAVE_STRINGS_H 1
| #define HAVE_INTTYPES_H 1
| #define HAVE_STDINT_H 1
| #define HAVE_UNISTD_H 1
| #define HAVE_DLFCN_H 1
| #define LT_OBJDIR ".libs/"
| #define ZMQ_HAVE_OSX 1
| #define HAVE_LIBPTHREAD 1
| /* end confdefs.h.  */
| 
| /* Override any GCC internal prototype to avoid an error.
|    Use char because int might match the return type of a GCC
|    builtin and then its argument prototype would still apply.  */
| #ifdef __cplusplus
| extern "C"
| #endif
| char sodium_init ();
| int
| main ()
| {
| return sodium_init ();
|   ;
|   return 0;
| }
configure:17763: result: no
configure:17773: WARNING: libsodium is needed for CURVE security
configure:17799: checking whether C++ compiler supports -fvisibility=hidden
configure:17831: g++ -c -g -O2 -Wno-uninitialized -D_DARWIN_C_SOURCE -D_REENTRANT -D_THREAD_SAFE  -fvisibility=hidden conftest.cpp >&5
configure:17831: $? = 0
configure:17862: result: yes
configure:17948: checking whether C++ compiler supports dso visibility
configure:17952: result: yes
configure:18096: checking for asciidoc
configure:18124: result: no
configure:18134: checking for xmlto
configure:18162: result: no
configure:18188: checking whether to build documentation
configure:18190: result: no
configure:18193: checking whether to install manpages
configure:18195: result: yes
configure:18227: checking for suitable polling system
configure:18263: gcc -o conftest -g -O2 -Wno-uninitialized -D_DARWIN_C_SOURCE -D_REENTRANT -D_THREAD_SAFE   conftest.c -lpthread  >&5
configure:18263: $? = 0
configure:18448: result: using kqueue
configure:18457: checking for ANSI C header files
configure:18561: result: yes
configure:18573: checking errno.h usability
configure:18573: gcc -c -g -O2 -Wno-uninitialized -D_DARWIN_C_SOURCE -D_REENTRANT -D_THREAD_SAFE  -DZMQ_FORCE_KQUEUE conftest.c >&5
configure:18573: $? = 0
configure:18573: result: yes
configure:18573: checking errno.h presence
configure:18573: gcc -E -Wno-uninitialized -D_DARWIN_C_SOURCE -D_REENTRANT -D_THREAD_SAFE  -DZMQ_FORCE_KQUEUE conftest.c
configure:18573: $? = 0
configure:18573: result: yes
configure:18573: checking for errno.h
configure:18573: result: yes
configure:18573: checking arpa/inet.h usability
configure:18573: gcc -c -g -O2 -Wno-uninitialized -D_DARWIN_C_SOURCE -D_REENTRANT -D_THREAD_SAFE  -DZMQ_FORCE_KQUEUE conftest.c >&5
configure:18573: $? = 0
configure:18573: result: yes
configure:18573: checking arpa/inet.h presence
configure:18573: gcc -E -Wno-uninitialized -D_DARWIN_C_SOURCE -D_REENTRANT -D_THREAD_SAFE  -DZMQ_FORCE_KQUEUE conftest.c
configure:18573: $? = 0
configure:18573: result: yes
configure:18573: checking for arpa/inet.h
configure:18573: result: yes
configure:18573: checking netinet/tcp.h usability
configure:18573: gcc -c -g -O2 -Wno-uninitialized -D_DARWIN_C_SOURCE -D_REENTRANT -D_THREAD_SAFE  -DZMQ_FORCE_KQUEUE conftest.c >&5
configure:18573: $? = 0
configure:18573: result: yes
configure:18573: checking netinet/tcp.h presence
configure:18573: gcc -E -Wno-uninitialized -D_DARWIN_C_SOURCE -D_REENTRANT -D_THREAD_SAFE  -DZMQ_FORCE_KQUEUE conftest.c
configure:18573: $? = 0
configure:18573: result: yes
configure:18573: checking for netinet/tcp.h
configure:18573: result: yes
configure:18573: checking netinet/in.h usability
configure:18573: gcc -c -g -O2 -Wno-uninitialized -D_DARWIN_C_SOURCE -D_REENTRANT -D_THREAD_SAFE  -DZMQ_FORCE_KQUEUE conftest.c >&5
configure:18573: $? = 0
configure:18573: result: yes
configure:18573: checking netinet/in.h presence
configure:18573: gcc -E -Wno-uninitialized -D_DARWIN_C_SOURCE -D_REENTRANT -D_THREAD_SAFE  -DZMQ_FORCE_KQUEUE conftest.c
configure:18573: $? = 0
configure:18573: result: yes
configure:18573: checking for netinet/in.h
configure:18573: result: yes
configure:18573: checking stddef.h usability
configure:18573: gcc -c -g -O2 -Wno-uninitialized -D_DARWIN_C_SOURCE -D_REENTRANT -D_THREAD_SAFE  -DZMQ_FORCE_KQUEUE conftest.c >&5
configure:18573: $? = 0
configure:18573: result: yes
configure:18573: checking stddef.h presence
configure:18573: gcc -E -Wno-uninitialized -D_DARWIN_C_SOURCE -D_REENTRANT -D_THREAD_SAFE  -DZMQ_FORCE_KQUEUE conftest.c
configure:18573: $? = 0
configure:18573: result: yes
configure:18573: checking for stddef.h
configure:18573: result: yes
configure:18573: checking for stdlib.h
configure:18573: result: yes
configure:18573: checking for string.h
configure:18573: result: yes
configure:18573: checking sys/socket.h usability
configure:18573: gcc -c -g -O2 -Wno-uninitialized -D_DARWIN_C_SOURCE -D_REENTRANT -D_THREAD_SAFE  -DZMQ_FORCE_KQUEUE conftest.c >&5
configure:18573: $? = 0
configure:18573: result: yes
configure:18573: checking sys/socket.h presence
configure:18573: gcc -E -Wno-uninitialized -D_DARWIN_C_SOURCE -D_REENTRANT -D_THREAD_SAFE  -DZMQ_FORCE_KQUEUE conftest.c
configure:18573: $? = 0
configure:18573: result: yes
configure:18573: checking for sys/socket.h
configure:18573: result: yes
configure:18573: checking sys/time.h usability
configure:18573: gcc -c -g -O2 -Wno-uninitialized -D_DARWIN_C_SOURCE -D_REENTRANT -D_THREAD_SAFE  -DZMQ_FORCE_KQUEUE conftest.c >&5
configure:18573: $? = 0
configure:18573: result: yes
configure:18573: checking sys/time.h presence
configure:18573: gcc -E -Wno-uninitialized -D_DARWIN_C_SOURCE -D_REENTRANT -D_THREAD_SAFE  -DZMQ_FORCE_KQUEUE conftest.c
configure:18573: $? = 0
configure:18573: result: yes
configure:18573: checking for sys/time.h
configure:18573: result: yes
configure:18573: checking time.h usability
configure:18573: gcc -c -g -O2 -Wno-uninitialized -D_DARWIN_C_SOURCE -D_REENTRANT -D_THREAD_SAFE  -DZMQ_FORCE_KQUEUE conftest.c >&5
configure:18573: $? = 0
configure:18573: result: yes
configure:18573: checking time.h presence
configure:18573: gcc -E -Wno-uninitialized -D_DARWIN_C_SOURCE -D_REENTRANT -D_THREAD_SAFE  -DZMQ_FORCE_KQUEUE conftest.c
configure:18573: $? = 0
configure:18573: result: yes
configure:18573: checking for time.h
configure:18573: result: yes
configure:18573: checking for unistd.h
configure:18573: result: yes
configure:18573: checking limits.h usability
configure:18573: gcc -c -g -O2 -Wno-uninitialized -D_DARWIN_C_SOURCE -D_REENTRANT -D_THREAD_SAFE  -DZMQ_FORCE_KQUEUE conftest.c >&5
configure:18573: $? = 0
configure:18573: result: yes
configure:18573: checking limits.h presence
configure:18573: gcc -E -Wno-uninitialized -D_DARWIN_C_SOURCE -D_REENTRANT -D_THREAD_SAFE  -DZMQ_FORCE_KQUEUE conftest.c
configure:18573: $? = 0
configure:18573: result: yes
configure:18573: checking for limits.h
configure:18573: result: yes
configure:18587: checking ifaddrs.h usability
configure:18587: gcc -c -g -O2 -Wno-uninitialized -D_DARWIN_C_SOURCE -D_REENTRANT -D_THREAD_SAFE  -DZMQ_FORCE_KQUEUE conftest.c >&5
configure:18587: $? = 0
configure:18587: result: yes
configure:18587: checking ifaddrs.h presence
configure:18587: gcc -E -Wno-uninitialized -D_DARWIN_C_SOURCE -D_REENTRANT -D_THREAD_SAFE  -DZMQ_FORCE_KQUEUE conftest.c
configure:18587: $? = 0
configure:18587: result: yes
configure:18587: checking for ifaddrs.h
configure:18587: result: yes
configure:18603: checking sys/uio.h usability
configure:18603: gcc -c -g -O2 -Wno-uninitialized -D_DARWIN_C_SOURCE -D_REENTRANT -D_THREAD_SAFE  -DZMQ_FORCE_KQUEUE conftest.c >&5
configure:18603: $? = 0
configure:18603: result: yes
configure:18603: checking sys/uio.h presence
configure:18603: gcc -E -Wno-uninitialized -D_DARWIN_C_SOURCE -D_REENTRANT -D_THREAD_SAFE  -DZMQ_FORCE_KQUEUE conftest.c
configure:18603: $? = 0
configure:18603: result: yes
configure:18603: checking for sys/uio.h
configure:18603: result: yes
configure:18629: checking sys/eventfd.h usability
configure:18629: gcc -c -g -O2 -Wno-uninitialized -D_DARWIN_C_SOURCE -D_REENTRANT -D_THREAD_SAFE  -DZMQ_FORCE_KQUEUE conftest.c >&5
conftest.c:75:10: fatal error: 'sys/eventfd.h' file not found
#include <sys/eventfd.h>
         ^
1 error generated.
configure:18629: $? = 1
configure: failed program was:
| /* confdefs.h */
| #define PACKAGE_NAME "zeromq"
| #define PACKAGE_TARNAME "zeromq"
| #define PACKAGE_VERSION "4.0.5"
| #define PACKAGE_STRING "zeromq 4.0.5"
| #define PACKAGE_BUGREPORT "zeromq-dev@lists.zeromq.org"
| #define PACKAGE_URL ""
| #define PACKAGE "zeromq"
| #define VERSION "4.0.5"
| #define STDC_HEADERS 1
| #define HAVE_SYS_TYPES_H 1
| #define HAVE_SYS_STAT_H 1
| #define HAVE_STDLIB_H 1
| #define HAVE_STRING_H 1
| #define HAVE_MEMORY_H 1
| #define HAVE_STRINGS_H 1
| #define HAVE_INTTYPES_H 1
| #define HAVE_STDINT_H 1
| #define HAVE_UNISTD_H 1
| #define HAVE_DLFCN_H 1
| #define LT_OBJDIR ".libs/"
| #define ZMQ_HAVE_OSX 1
| #define HAVE_LIBPTHREAD 1
| #define STDC_HEADERS 1
| #define HAVE_ERRNO_H 1
| #define HAVE_ARPA_INET_H 1
| #define HAVE_NETINET_TCP_H 1
| #define HAVE_NETINET_IN_H 1
| #define HAVE_STDDEF_H 1
| #define HAVE_STDLIB_H 1
| #define HAVE_STRING_H 1
| #define HAVE_SYS_SOCKET_H 1
| #define HAVE_SYS_TIME_H 1
| #define HAVE_TIME_H 1
| #define HAVE_UNISTD_H 1
| #define HAVE_LIMITS_H 1
| #define HAVE_IFADDRS_H 1
| #define ZMQ_HAVE_IFADDRS 1
| #define HAVE_SYS_UIO_H 1
| #define ZMQ_HAVE_UIO 1
| /* end confdefs.h.  */
| #include <stdio.h>
| #ifdef HAVE_SYS_TYPES_H
| # include <sys/types.h>
| #endif
| #ifdef HAVE_SYS_STAT_H
| # include <sys/stat.h>
| #endif
| #ifdef STDC_HEADERS
| # include <stdlib.h>
| # include <stddef.h>
| #else
| # ifdef HAVE_STDLIB_H
| #  include <stdlib.h>
| # endif
| #endif
| #ifdef HAVE_STRING_H
| # if !defined STDC_HEADERS && defined HAVE_MEMORY_H
| #  include <memory.h>
| # endif
| # include <string.h>
| #endif
| #ifdef HAVE_STRINGS_H
| # include <strings.h>
| #endif
| #ifdef HAVE_INTTYPES_H
| # include <inttypes.h>
| #endif
| #ifdef HAVE_STDINT_H
| # include <stdint.h>
| #endif
| #ifdef HAVE_UNISTD_H
| # include <unistd.h>
| #endif
| #include <sys/eventfd.h>
configure:18629: result: no
configure:18629: checking sys/eventfd.h presence
configure:18629: gcc -E -Wno-uninitialized -D_DARWIN_C_SOURCE -D_REENTRANT -D_THREAD_SAFE  -DZMQ_FORCE_KQUEUE conftest.c
conftest.c:42:10: fatal error: 'sys/eventfd.h' file not found
#include <sys/eventfd.h>
         ^
1 error generated.
configure:18629: $? = 1
configure: failed program was:
| /* confdefs.h */
| #define PACKAGE_NAME "zeromq"
| #define PACKAGE_TARNAME "zeromq"
| #define PACKAGE_VERSION "4.0.5"
| #define PACKAGE_STRING "zeromq 4.0.5"
| #define PACKAGE_BUGREPORT "zeromq-dev@lists.zeromq.org"
| #define PACKAGE_URL ""
| #define PACKAGE "zeromq"
| #define VERSION "4.0.5"
| #define STDC_HEADERS 1
| #define HAVE_SYS_TYPES_H 1
| #define HAVE_SYS_STAT_H 1
| #define HAVE_STDLIB_H 1
| #define HAVE_STRING_H 1
| #define HAVE_MEMORY_H 1
| #define HAVE_STRINGS_H 1
| #define HAVE_INTTYPES_H 1
| #define HAVE_STDINT_H 1
| #define HAVE_UNISTD_H 1
| #define HAVE_DLFCN_H 1
| #define LT_OBJDIR ".libs/"
| #define ZMQ_HAVE_OSX 1
| #define HAVE_LIBPTHREAD 1
| #define STDC_HEADERS 1
| #define HAVE_ERRNO_H 1
| #define HAVE_ARPA_INET_H 1
| #define HAVE_NETINET_TCP_H 1
| #define HAVE_NETINET_IN_H 1
| #define HAVE_STDDEF_H 1
| #define HAVE_STDLIB_H 1
| #define HAVE_STRING_H 1
| #define HAVE_SYS_SOCKET_H 1
| #define HAVE_SYS_TIME_H 1
| #define HAVE_TIME_H 1
| #define HAVE_UNISTD_H 1
| #define HAVE_LIMITS_H 1
| #define HAVE_IFADDRS_H 1
| #define ZMQ_HAVE_IFADDRS 1
| #define HAVE_SYS_UIO_H 1
| #define ZMQ_HAVE_UIO 1
| /* end confdefs.h.  */
| #include <sys/eventfd.h>
configure:18629: result: no
configure:18629: checking for sys/eventfd.h
configure:18629: result: no
configure:18651: checking for stdbool.h that conforms to C99
configure:18718: g++ -c -g -O2 -Wno-uninitialized -D_DARWIN_C_SOURCE -D_REENTRANT -D_THREAD_SAFE  -DZMQ_FORCE_KQUEUE conftest.cpp >&5
configure:18718: $? = 0
configure:18725: result: yes
configure:18727: checking for _Bool
configure:18727: g++ -c -g -O2 -Wno-uninitialized -D_DARWIN_C_SOURCE -D_REENTRANT -D_THREAD_SAFE  -DZMQ_FORCE_KQUEUE conftest.cpp >&5
conftest.cpp:78:13: error: use of undeclared identifier '_Bool'
if (sizeof (_Bool))
            ^
1 error generated.
configure:18727: $? = 1
configure: failed program was:
| /* confdefs.h */
| #define PACKAGE_NAME "zeromq"
| #define PACKAGE_TARNAME "zeromq"
| #define PACKAGE_VERSION "4.0.5"
| #define PACKAGE_STRING "zeromq 4.0.5"
| #define PACKAGE_BUGREPORT "zeromq-dev@lists.zeromq.org"
| #define PACKAGE_URL ""
| #define PACKAGE "zeromq"
| #define VERSION "4.0.5"
| #define STDC_HEADERS 1
| #define HAVE_SYS_TYPES_H 1
| #define HAVE_SYS_STAT_H 1
| #define HAVE_STDLIB_H 1
| #define HAVE_STRING_H 1
| #define HAVE_MEMORY_H 1
| #define HAVE_STRINGS_H 1
| #define HAVE_INTTYPES_H 1
| #define HAVE_STDINT_H 1
| #define HAVE_UNISTD_H 1
| #define HAVE_DLFCN_H 1
| #define LT_OBJDIR ".libs/"
| #define ZMQ_HAVE_OSX 1
| #define HAVE_LIBPTHREAD 1
| #define STDC_HEADERS 1
| #define HAVE_ERRNO_H 1
| #define HAVE_ARPA_INET_H 1
| #define HAVE_NETINET_TCP_H 1
| #define HAVE_NETINET_IN_H 1
| #define HAVE_STDDEF_H 1
| #define HAVE_STDLIB_H 1
| #define HAVE_STRING_H 1
| #define HAVE_SYS_SOCKET_H 1
| #define HAVE_SYS_TIME_H 1
| #define HAVE_TIME_H 1
| #define HAVE_UNISTD_H 1
| #define HAVE_LIMITS_H 1
| #define HAVE_IFADDRS_H 1
| #define ZMQ_HAVE_IFADDRS 1
| #define HAVE_SYS_UIO_H 1
| #define ZMQ_HAVE_UIO 1
| /* end confdefs.h.  */
| #include <stdio.h>
| #ifdef HAVE_SYS_TYPES_H
| # include <sys/types.h>
| #endif
| #ifdef HAVE_SYS_STAT_H
| # include <sys/stat.h>
| #endif
| #ifdef STDC_HEADERS
| # include <stdlib.h>
| # include <stddef.h>
| #else
| # ifdef HAVE_STDLIB_H
| #  include <stdlib.h>
| # endif
| #endif
| #ifdef HAVE_STRING_H
| # if !defined STDC_HEADERS && defined HAVE_MEMORY_H
| #  include <memory.h>
| # endif
| # include <string.h>
| #endif
| #ifdef HAVE_STRINGS_H
| # include <strings.h>
| #endif
| #ifdef HAVE_INTTYPES_H
| # include <inttypes.h>
| #endif
| #ifdef HAVE_STDINT_H
| # include <stdint.h>
| #endif
| #ifdef HAVE_UNISTD_H
| # include <unistd.h>
| #endif
| int
| main ()
| {
| if (sizeof (_Bool))
| 	 return 0;
|   ;
|   return 0;
| }
configure:18727: result: no
configure:18743: checking for an ANSI C-conforming const
configure:18808: g++ -c -g -O2 -Wno-uninitialized -D_DARWIN_C_SOURCE -D_REENTRANT -D_THREAD_SAFE  -DZMQ_FORCE_KQUEUE conftest.cpp >&5
configure:18808: $? = 0
configure:18815: result: yes
configure:18823: checking for inline
configure:18839: g++ -c -g -O2 -Wno-uninitialized -D_DARWIN_C_SOURCE -D_REENTRANT -D_THREAD_SAFE  -DZMQ_FORCE_KQUEUE conftest.cpp >&5
configure:18839: $? = 0
configure:18847: result: inline
configure:18914: checking for size_t
configure:18914: g++ -c -g -O2 -Wno-uninitialized -D_DARWIN_C_SOURCE -D_REENTRANT -D_THREAD_SAFE  -DZMQ_FORCE_KQUEUE conftest.cpp >&5
configure:18914: $? = 0
configure:18914: g++ -c -g -O2 -Wno-uninitialized -D_DARWIN_C_SOURCE -D_REENTRANT -D_THREAD_SAFE  -DZMQ_FORCE_KQUEUE conftest.cpp >&5
conftest.cpp:79:21: error: expected expression
if (sizeof ((size_t)))
                    ^
1 error generated.
configure:18914: $? = 1
configure: failed program was:
| /* confdefs.h */
| #define PACKAGE_NAME "zeromq"
| #define PACKAGE_TARNAME "zeromq"
| #define PACKAGE_VERSION "4.0.5"
| #define PACKAGE_STRING "zeromq 4.0.5"
| #define PACKAGE_BUGREPORT "zeromq-dev@lists.zeromq.org"
| #define PACKAGE_URL ""
| #define PACKAGE "zeromq"
| #define VERSION "4.0.5"
| #define STDC_HEADERS 1
| #define HAVE_SYS_TYPES_H 1
| #define HAVE_SYS_STAT_H 1
| #define HAVE_STDLIB_H 1
| #define HAVE_STRING_H 1
| #define HAVE_MEMORY_H 1
| #define HAVE_STRINGS_H 1
| #define HAVE_INTTYPES_H 1
| #define HAVE_STDINT_H 1
| #define HAVE_UNISTD_H 1
| #define HAVE_DLFCN_H 1
| #define LT_OBJDIR ".libs/"
| #define ZMQ_HAVE_OSX 1
| #define HAVE_LIBPTHREAD 1
| #define STDC_HEADERS 1
| #define HAVE_ERRNO_H 1
| #define HAVE_ARPA_INET_H 1
| #define HAVE_NETINET_TCP_H 1
| #define HAVE_NETINET_IN_H 1
| #define HAVE_STDDEF_H 1
| #define HAVE_STDLIB_H 1
| #define HAVE_STRING_H 1
| #define HAVE_SYS_SOCKET_H 1
| #define HAVE_SYS_TIME_H 1
| #define HAVE_TIME_H 1
| #define HAVE_UNISTD_H 1
| #define HAVE_LIMITS_H 1
| #define HAVE_IFADDRS_H 1
| #define ZMQ_HAVE_IFADDRS 1
| #define HAVE_SYS_UIO_H 1
| #define ZMQ_HAVE_UIO 1
| #define HAVE_STDBOOL_H 1
| /* end confdefs.h.  */
| #include <stdio.h>
| #ifdef HAVE_SYS_TYPES_H
| # include <sys/types.h>
| #endif
| #ifdef HAVE_SYS_STAT_H
| # include <sys/stat.h>
| #endif
| #ifdef STDC_HEADERS
| # include <stdlib.h>
| # include <stddef.h>
| #else
| # ifdef HAVE_STDLIB_H
| #  include <stdlib.h>
| # endif
| #endif
| #ifdef HAVE_STRING_H
| # if !defined STDC_HEADERS && defined HAVE_MEMORY_H
| #  include <memory.h>
| # endif
| # include <string.h>
| #endif
| #ifdef HAVE_STRINGS_H
| # include <strings.h>
| #endif
| #ifdef HAVE_INTTYPES_H
| # include <inttypes.h>
| #endif
| #ifdef HAVE_STDINT_H
| # include <stdint.h>
| #endif
| #ifdef HAVE_UNISTD_H
| # include <unistd.h>
| #endif
| int
| main ()
| {
| if (sizeof ((size_t)))
| 	    return 0;
|   ;
|   return 0;
| }
configure:18914: result: yes
configure:18925: checking for ssize_t
configure:18925: g++ -c -g -O2 -Wno-uninitialized -D_DARWIN_C_SOURCE -D_REENTRANT -D_THREAD_SAFE  -DZMQ_FORCE_KQUEUE conftest.cpp >&5
configure:18925: $? = 0
configure:18925: g++ -c -g -O2 -Wno-uninitialized -D_DARWIN_C_SOURCE -D_REENTRANT -D_THREAD_SAFE  -DZMQ_FORCE_KQUEUE conftest.cpp >&5
conftest.cpp:79:22: error: expected expression
if (sizeof ((ssize_t)))
                     ^
1 error generated.
configure:18925: $? = 1
configure: failed program was:
| /* confdefs.h */
| #define PACKAGE_NAME "zeromq"
| #define PACKAGE_TARNAME "zeromq"
| #define PACKAGE_VERSION "4.0.5"
| #define PACKAGE_STRING "zeromq 4.0.5"
| #define PACKAGE_BUGREPORT "zeromq-dev@lists.zeromq.org"
| #define PACKAGE_URL ""
| #define PACKAGE "zeromq"
| #define VERSION "4.0.5"
| #define STDC_HEADERS 1
| #define HAVE_SYS_TYPES_H 1
| #define HAVE_SYS_STAT_H 1
| #define HAVE_STDLIB_H 1
| #define HAVE_STRING_H 1
| #define HAVE_MEMORY_H 1
| #define HAVE_STRINGS_H 1
| #define HAVE_INTTYPES_H 1
| #define HAVE_STDINT_H 1
| #define HAVE_UNISTD_H 1
| #define HAVE_DLFCN_H 1
| #define LT_OBJDIR ".libs/"
| #define ZMQ_HAVE_OSX 1
| #define HAVE_LIBPTHREAD 1
| #define STDC_HEADERS 1
| #define HAVE_ERRNO_H 1
| #define HAVE_ARPA_INET_H 1
| #define HAVE_NETINET_TCP_H 1
| #define HAVE_NETINET_IN_H 1
| #define HAVE_STDDEF_H 1
| #define HAVE_STDLIB_H 1
| #define HAVE_STRING_H 1
| #define HAVE_SYS_SOCKET_H 1
| #define HAVE_SYS_TIME_H 1
| #define HAVE_TIME_H 1
| #define HAVE_UNISTD_H 1
| #define HAVE_LIMITS_H 1
| #define HAVE_IFADDRS_H 1
| #define ZMQ_HAVE_IFADDRS 1
| #define HAVE_SYS_UIO_H 1
| #define ZMQ_HAVE_UIO 1
| #define HAVE_STDBOOL_H 1
| /* end confdefs.h.  */
| #include <stdio.h>
| #ifdef HAVE_SYS_TYPES_H
| # include <sys/types.h>
| #endif
| #ifdef HAVE_SYS_STAT_H
| # include <sys/stat.h>
| #endif
| #ifdef STDC_HEADERS
| # include <stdlib.h>
| # include <stddef.h>
| #else
| # ifdef HAVE_STDLIB_H
| #  include <stdlib.h>
| # endif
| #endif
| #ifdef HAVE_STRING_H
| # if !defined STDC_HEADERS && defined HAVE_MEMORY_H
| #  include <memory.h>
| # endif
| # include <string.h>
| #endif
| #ifdef HAVE_STRINGS_H
| # include <strings.h>
| #endif
| #ifdef HAVE_INTTYPES_H
| # include <inttypes.h>
| #endif
| #ifdef HAVE_STDINT_H
| # include <stdint.h>
| #endif
| #ifdef HAVE_UNISTD_H
| # include <unistd.h>
| #endif
| int
| main ()
| {
| if (sizeof ((ssize_t)))
| 	    return 0;
|   ;
|   return 0;
| }
configure:18925: result: yes
configure:18937: checking whether time.h and sys/time.h may both be included
configure:18957: g++ -c -g -O2 -Wno-uninitialized -D_DARWIN_C_SOURCE -D_REENTRANT -D_THREAD_SAFE  -DZMQ_FORCE_KQUEUE conftest.cpp >&5
configure:18957: $? = 0
configure:18964: result: yes
configure:18972: checking for uint32_t
configure:18972: g++ -c -g -O2 -Wno-uninitialized -D_DARWIN_C_SOURCE -D_REENTRANT -D_THREAD_SAFE  -DZMQ_FORCE_KQUEUE conftest.cpp >&5
configure:18972: $? = 0
configure:18972: result: yes
configure:18986: checking for working volatile
configure:19005: g++ -c -g -O2 -Wno-uninitialized -D_DARWIN_C_SOURCE -D_REENTRANT -D_THREAD_SAFE  -DZMQ_FORCE_KQUEUE conftest.cpp >&5
configure:19005: $? = 0
configure:19012: result: yes
configure:19683: checking how to enable additional warnings for C++ compiler
configure:19718: result: -Wall
configure:19860: checking return type of signal handlers
configure:19878: g++ -c -g -O2 -Wall -Wno-uninitialized -D_DARWIN_C_SOURCE -D_REENTRANT -D_THREAD_SAFE  -DZMQ_FORCE_KQUEUE conftest.cpp >&5
conftest.cpp:50:8: error: indirection requires pointer operand ('void' invalid)
return *(signal (0, 0)) (0) == 1;
       ^~~~~~~~~~~~~~~~~~~~
1 error generated.
configure:19878: $? = 1
configure: failed program was:
| /* confdefs.h */
| #define PACKAGE_NAME "zeromq"
| #define PACKAGE_TARNAME "zeromq"
| #define PACKAGE_VERSION "4.0.5"
| #define PACKAGE_STRING "zeromq 4.0.5"
| #define PACKAGE_BUGREPORT "zeromq-dev@lists.zeromq.org"
| #define PACKAGE_URL ""
| #define PACKAGE "zeromq"
| #define VERSION "4.0.5"
| #define STDC_HEADERS 1
| #define HAVE_SYS_TYPES_H 1
| #define HAVE_SYS_STAT_H 1
| #define HAVE_STDLIB_H 1
| #define HAVE_STRING_H 1
| #define HAVE_MEMORY_H 1
| #define HAVE_STRINGS_H 1
| #define HAVE_INTTYPES_H 1
| #define HAVE_STDINT_H 1
| #define HAVE_UNISTD_H 1
| #define HAVE_DLFCN_H 1
| #define LT_OBJDIR ".libs/"
| #define ZMQ_HAVE_OSX 1
| #define HAVE_LIBPTHREAD 1
| #define STDC_HEADERS 1
| #define HAVE_ERRNO_H 1
| #define HAVE_ARPA_INET_H 1
| #define HAVE_NETINET_TCP_H 1
| #define HAVE_NETINET_IN_H 1
| #define HAVE_STDDEF_H 1
| #define HAVE_STDLIB_H 1
| #define HAVE_STRING_H 1
| #define HAVE_SYS_SOCKET_H 1
| #define HAVE_SYS_TIME_H 1
| #define HAVE_TIME_H 1
| #define HAVE_UNISTD_H 1
| #define HAVE_LIMITS_H 1
| #define HAVE_IFADDRS_H 1
| #define ZMQ_HAVE_IFADDRS 1
| #define HAVE_SYS_UIO_H 1
| #define ZMQ_HAVE_UIO 1
| #define HAVE_STDBOOL_H 1
| #define TIME_WITH_SYS_TIME 1
| /* end confdefs.h.  */
| #include <sys/types.h>
| #include <signal.h>
| 
| int
| main ()
| {
| return *(signal (0, 0)) (0) == 1;
|   ;
|   return 0;
| }
configure:19885: result: void
configure:19896: checking for perror
configure:19896: g++ -o conftest -g -O2 -Wall -Wno-uninitialized -D_DARWIN_C_SOURCE -D_REENTRANT -D_THREAD_SAFE  -DZMQ_FORCE_KQUEUE  conftest.cpp -lpthread  >&5
configure:19896: $? = 0
configure:19896: result: yes
configure:19896: checking for gettimeofday
configure:19896: g++ -o conftest -g -O2 -Wall -Wno-uninitialized -D_DARWIN_C_SOURCE -D_REENTRANT -D_THREAD_SAFE  -DZMQ_FORCE_KQUEUE  conftest.cpp -lpthread  >&5
configure:19896: $? = 0
configure:19896: result: yes
configure:19896: checking for clock_gettime
configure:19896: g++ -o conftest -g -O2 -Wall -Wno-uninitialized -D_DARWIN_C_SOURCE -D_REENTRANT -D_THREAD_SAFE  -DZMQ_FORCE_KQUEUE  conftest.cpp -lpthread  >&5
Undefined symbols for architecture x86_64:
  "_clock_gettime", referenced from:
      _main in conftest-7e2c9b.o
ld: symbol(s) not found for architecture x86_64
clang: error: linker command failed with exit code 1 (use -v to see invocation)
configure:19896: $? = 1
configure: failed program was:
| /* confdefs.h */
| #define PACKAGE_NAME "zeromq"
| #define PACKAGE_TARNAME "zeromq"
| #define PACKAGE_VERSION "4.0.5"
| #define PACKAGE_STRING "zeromq 4.0.5"
| #define PACKAGE_BUGREPORT "zeromq-dev@lists.zeromq.org"
| #define PACKAGE_URL ""
| #define PACKAGE "zeromq"
| #define VERSION "4.0.5"
| #define STDC_HEADERS 1
| #define HAVE_SYS_TYPES_H 1
| #define HAVE_SYS_STAT_H 1
| #define HAVE_STDLIB_H 1
| #define HAVE_STRING_H 1
| #define HAVE_MEMORY_H 1
| #define HAVE_STRINGS_H 1
| #define HAVE_INTTYPES_H 1
| #define HAVE_STDINT_H 1
| #define HAVE_UNISTD_H 1
| #define HAVE_DLFCN_H 1
| #define LT_OBJDIR ".libs/"
| #define ZMQ_HAVE_OSX 1
| #define HAVE_LIBPTHREAD 1
| #define STDC_HEADERS 1
| #define HAVE_ERRNO_H 1
| #define HAVE_ARPA_INET_H 1
| #define HAVE_NETINET_TCP_H 1
| #define HAVE_NETINET_IN_H 1
| #define HAVE_STDDEF_H 1
| #define HAVE_STDLIB_H 1
| #define HAVE_STRING_H 1
| #define HAVE_SYS_SOCKET_H 1
| #define HAVE_SYS_TIME_H 1
| #define HAVE_TIME_H 1
| #define HAVE_UNISTD_H 1
| #define HAVE_LIMITS_H 1
| #define HAVE_IFADDRS_H 1
| #define ZMQ_HAVE_IFADDRS 1
| #define HAVE_SYS_UIO_H 1
| #define ZMQ_HAVE_UIO 1
| #define HAVE_STDBOOL_H 1
| #define TIME_WITH_SYS_TIME 1
| #define RETSIGTYPE void
| #define HAVE_PERROR 1
| #define HAVE_GETTIMEOFDAY 1
| /* end confdefs.h.  */
| /* Define clock_gettime to an innocuous variant, in case <limits.h> declares clock_gettime.
|    For example, HP-UX 11i <limits.h> declares gettimeofday.  */
| #define clock_gettime innocuous_clock_gettime
| 
| /* System header to define __stub macros and hopefully few prototypes,
|     which can conflict with char clock_gettime (); below.
|     Prefer <limits.h> to <assert.h> if __STDC__ is defined, since
|     <limits.h> exists even on freestanding compilers.  */
| 
| #ifdef __STDC__
| # include <limits.h>
| #else
| # include <assert.h>
| #endif
| 
| #undef clock_gettime
| 
| /* Override any GCC internal prototype to avoid an error.
|    Use char because int might match the return type of a GCC
|    builtin and then its argument prototype would still apply.  */
| #ifdef __cplusplus
| extern "C"
| #endif
| char clock_gettime ();
| /* The GNU C library defines this for functions which it implements
|     to always fail with ENOSYS.  Some functions are actually named
|     something starting with __ and the normal name is an alias.  */
| #if defined __stub_clock_gettime || defined __stub___clock_gettime
| choke me
| #endif
| 
| int
| main ()
| {
| return clock_gettime ();
|   ;
|   return 0;
| }
configure:19896: result: no
configure:19896: checking for memset
configure:19896: g++ -o conftest -g -O2 -Wall -Wno-uninitialized -D_DARWIN_C_SOURCE -D_REENTRANT -D_THREAD_SAFE  -DZMQ_FORCE_KQUEUE  conftest.cpp -lpthread  >&5
configure:19896: $? = 0
configure:19896: result: yes
configure:19896: checking for socket
configure:19896: g++ -o conftest -g -O2 -Wall -Wno-uninitialized -D_DARWIN_C_SOURCE -D_REENTRANT -D_THREAD_SAFE  -DZMQ_FORCE_KQUEUE  conftest.cpp -lpthread  >&5
configure:19896: $? = 0
configure:19896: result: yes
configure:19896: checking for getifaddrs
configure:19896: g++ -o conftest -g -O2 -Wall -Wno-uninitialized -D_DARWIN_C_SOURCE -D_REENTRANT -D_THREAD_SAFE  -DZMQ_FORCE_KQUEUE  conftest.cpp -lpthread  >&5
configure:19896: $? = 0
configure:19896: result: yes
configure:19896: checking for freeifaddrs
configure:19896: g++ -o conftest -g -O2 -Wall -Wno-uninitialized -D_DARWIN_C_SOURCE -D_REENTRANT -D_THREAD_SAFE  -DZMQ_FORCE_KQUEUE  conftest.cpp -lpthread  >&5
configure:19896: $? = 0
configure:19896: result: yes
configure:19896: checking for fork
configure:19896: g++ -o conftest -g -O2 -Wall -Wno-uninitialized -D_DARWIN_C_SOURCE -D_REENTRANT -D_THREAD_SAFE  -DZMQ_FORCE_KQUEUE  conftest.cpp -lpthread  >&5
configure:19896: $? = 0
configure:19896: result: yes
configure:19908: checking alloca.h usability
configure:19908: g++ -c -g -O2 -Wall -Wno-uninitialized -D_DARWIN_C_SOURCE -D_REENTRANT -D_THREAD_SAFE  -DZMQ_FORCE_KQUEUE conftest.cpp >&5
configure:19908: $? = 0
configure:19908: result: yes
configure:19908: checking alloca.h presence
configure:19908: g++ -E -Wall -Wno-uninitialized -D_DARWIN_C_SOURCE -D_REENTRANT -D_THREAD_SAFE  -DZMQ_FORCE_KQUEUE conftest.cpp
configure:19908: $? = 0
configure:19908: result: yes
configure:19908: checking for alloca.h
configure:19908: result: yes
configure:19919: checking whether SOCK_CLOEXEC is supported
configure:19939: g++ -o conftest -g -O2 -Wall -Wno-uninitialized -D_DARWIN_C_SOURCE -D_REENTRANT -D_THREAD_SAFE  -DZMQ_FORCE_KQUEUE  conftest.cpp -lpthread  >&5
conftest.cpp:59:44: error: use of undeclared identifier 'SOCK_CLOEXEC'
    int s = socket (PF_INET, SOCK_STREAM | SOCK_CLOEXEC, 0);
                                           ^
1 error generated.
configure:19939: $? = 1
configure: program exited with status 1
configure: failed program was:
| /* confdefs.h */
| #define PACKAGE_NAME "zeromq"
| #define PACKAGE_TARNAME "zeromq"
| #define PACKAGE_VERSION "4.0.5"
| #define PACKAGE_STRING "zeromq 4.0.5"
| #define PACKAGE_BUGREPORT "zeromq-dev@lists.zeromq.org"
| #define PACKAGE_URL ""
| #define PACKAGE "zeromq"
| #define VERSION "4.0.5"
| #define STDC_HEADERS 1
| #define HAVE_SYS_TYPES_H 1
| #define HAVE_SYS_STAT_H 1
| #define HAVE_STDLIB_H 1
| #define HAVE_STRING_H 1
| #define HAVE_MEMORY_H 1
| #define HAVE_STRINGS_H 1
| #define HAVE_INTTYPES_H 1
| #define HAVE_STDINT_H 1
| #define HAVE_UNISTD_H 1
| #define HAVE_DLFCN_H 1
| #define LT_OBJDIR ".libs/"
| #define ZMQ_HAVE_OSX 1
| #define HAVE_LIBPTHREAD 1
| #define STDC_HEADERS 1
| #define HAVE_ERRNO_H 1
| #define HAVE_ARPA_INET_H 1
| #define HAVE_NETINET_TCP_H 1
| #define HAVE_NETINET_IN_H 1
| #define HAVE_STDDEF_H 1
| #define HAVE_STDLIB_H 1
| #define HAVE_STRING_H 1
| #define HAVE_SYS_SOCKET_H 1
| #define HAVE_SYS_TIME_H 1
| #define HAVE_TIME_H 1
| #define HAVE_UNISTD_H 1
| #define HAVE_LIMITS_H 1
| #define HAVE_IFADDRS_H 1
| #define ZMQ_HAVE_IFADDRS 1
| #define HAVE_SYS_UIO_H 1
| #define ZMQ_HAVE_UIO 1
| #define HAVE_STDBOOL_H 1
| #define TIME_WITH_SYS_TIME 1
| #define RETSIGTYPE void
| #define HAVE_PERROR 1
| #define HAVE_GETTIMEOFDAY 1
| #define HAVE_MEMSET 1
| #define HAVE_SOCKET 1
| #define HAVE_GETIFADDRS 1
| #define HAVE_FREEIFADDRS 1
| #define HAVE_FORK 1
| #define HAVE_ALLOCA_H 1
| /* end confdefs.h.  */
| /* SOCK_CLOEXEC test */
| #include <sys/types.h>
| #include <sys/socket.h>
| 
| int main (int argc, char *argv [])
| {
|     int s = socket (PF_INET, SOCK_STREAM | SOCK_CLOEXEC, 0);
|     return (s == -1);
| }
| 
configure:19946: result: no
configure:19957: checking whether SO_KEEPALIVE is supported
configure:19980: g++ -o conftest -g -O2 -Wall -Wno-uninitialized -D_DARWIN_C_SOURCE -D_REENTRANT -D_THREAD_SAFE  -DZMQ_FORCE_KQUEUE  conftest.cpp -lpthread  >&5
configure:19980: $? = 0
configure:19980: ./conftest
configure:19980: $? = 0
configure:19981: result: yes
configure:19996: checking whether TCP_KEEPCNT is supported
configure:20022: g++ -o conftest -g -O2 -Wall -Wno-uninitialized -D_DARWIN_C_SOURCE -D_REENTRANT -D_THREAD_SAFE  -DZMQ_FORCE_KQUEUE  conftest.cpp -lpthread  >&5
configure:20022: $? = 0
configure:20022: ./conftest
configure:20022: $? = 0
configure:20023: result: yes
configure:20038: checking whether TCP_KEEPIDLE is supported
configure:20064: g++ -o conftest -g -O2 -Wall -Wno-uninitialized -D_DARWIN_C_SOURCE -D_REENTRANT -D_THREAD_SAFE  -DZMQ_FORCE_KQUEUE  conftest.cpp -lpthread  >&5
conftest.cpp:67:44: error: use of undeclared identifier 'TCP_KEEPIDLE'
        ((rc = setsockopt (s, IPPROTO_TCP, TCP_KEEPIDLE, (char*) &opt, sizeof (int))) == -1)
                                           ^
1 error generated.
configure:20064: $? = 1
configure: program exited with status 1
configure: failed program was:
| /* confdefs.h */
| #define PACKAGE_NAME "zeromq"
| #define PACKAGE_TARNAME "zeromq"
| #define PACKAGE_VERSION "4.0.5"
| #define PACKAGE_STRING "zeromq 4.0.5"
| #define PACKAGE_BUGREPORT "zeromq-dev@lists.zeromq.org"
| #define PACKAGE_URL ""
| #define PACKAGE "zeromq"
| #define VERSION "4.0.5"
| #define STDC_HEADERS 1
| #define HAVE_SYS_TYPES_H 1
| #define HAVE_SYS_STAT_H 1
| #define HAVE_STDLIB_H 1
| #define HAVE_STRING_H 1
| #define HAVE_MEMORY_H 1
| #define HAVE_STRINGS_H 1
| #define HAVE_INTTYPES_H 1
| #define HAVE_STDINT_H 1
| #define HAVE_UNISTD_H 1
| #define HAVE_DLFCN_H 1
| #define LT_OBJDIR ".libs/"
| #define ZMQ_HAVE_OSX 1
| #define HAVE_LIBPTHREAD 1
| #define STDC_HEADERS 1
| #define HAVE_ERRNO_H 1
| #define HAVE_ARPA_INET_H 1
| #define HAVE_NETINET_TCP_H 1
| #define HAVE_NETINET_IN_H 1
| #define HAVE_STDDEF_H 1
| #define HAVE_STDLIB_H 1
| #define HAVE_STRING_H 1
| #define HAVE_SYS_SOCKET_H 1
| #define HAVE_SYS_TIME_H 1
| #define HAVE_TIME_H 1
| #define HAVE_UNISTD_H 1
| #define HAVE_LIMITS_H 1
| #define HAVE_IFADDRS_H 1
| #define ZMQ_HAVE_IFADDRS 1
| #define HAVE_SYS_UIO_H 1
| #define ZMQ_HAVE_UIO 1
| #define HAVE_STDBOOL_H 1
| #define TIME_WITH_SYS_TIME 1
| #define RETSIGTYPE void
| #define HAVE_PERROR 1
| #define HAVE_GETTIMEOFDAY 1
| #define HAVE_MEMSET 1
| #define HAVE_SOCKET 1
| #define HAVE_GETIFADDRS 1
| #define HAVE_FREEIFADDRS 1
| #define HAVE_FORK 1
| #define HAVE_ALLOCA_H 1
| #define ZMQ_HAVE_SO_KEEPALIVE 1
| #define ZMQ_HAVE_TCP_KEEPCNT 1
| /* end confdefs.h.  */
| /* TCP_KEEPIDLE test */
| #include <sys/types.h>
| #include <sys/socket.h>
| #include <netinet/in.h>
| #include <netinet/tcp.h>
| 
| int main (int argc, char *argv [])
| {
|     int s, rc, opt = 1;
|     return (
|         ((s = socket (PF_INET, SOCK_STREAM, 0)) == -1) ||
|         ((rc = setsockopt (s, SOL_SOCKET, SO_KEEPALIVE, (char*) &opt, sizeof (int))) == -1) ||
|         ((rc = setsockopt (s, IPPROTO_TCP, TCP_KEEPIDLE, (char*) &opt, sizeof (int))) == -1)
|     );
| }
| 
configure:20071: result: no
configure:20080: checking whether TCP_KEEPINTVL is supported
configure:20106: g++ -o conftest -g -O2 -Wall -Wno-uninitialized -D_DARWIN_C_SOURCE -D_REENTRANT -D_THREAD_SAFE  -DZMQ_FORCE_KQUEUE  conftest.cpp -lpthread  >&5
configure:20106: $? = 0
configure:20106: ./conftest
configure:20106: $? = 0
configure:20107: result: yes
configure:20122: checking whether TCP_KEEPALIVE is supported
configure:20148: g++ -o conftest -g -O2 -Wall -Wno-uninitialized -D_DARWIN_C_SOURCE -D_REENTRANT -D_THREAD_SAFE  -DZMQ_FORCE_KQUEUE  conftest.cpp -lpthread  >&5
configure:20148: $? = 0
configure:20148: ./conftest
configure:20148: $? = 0
configure:20149: result: yes
configure:20329: creating ./config.status

## ---------------------- ##
## Running config.status. ##
## ---------------------- ##

This file was extended by zeromq config.status 4.0.5, which was
generated by GNU Autoconf 2.68.  Invocation command line was

  CONFIG_FILES    = 
  CONFIG_HEADERS  = 
  CONFIG_LINKS    = 
  CONFIG_COMMANDS = 
  $ ./config.status 

on appledeMacBook-Air.local

config.status:1226: creating Makefile
config.status:1226: creating src/Makefile
config.status:1226: creating src/libzmq.pc
config.status:1226: creating doc/Makefile
config.status:1226: creating perf/Makefile
config.status:1226: creating tests/Makefile
config.status:1226: creating tools/Makefile
config.status:1226: creating builds/msvc/Makefile
config.status:1226: creating foreign/openpgm/Makefile
config.status:1226: creating builds/redhat/zeromq.spec
config.status:1226: creating src/platform.hpp
config.status:1455: executing depfiles commands
config.status:1455: executing libtool commands

## ---------------- ##
## Cache variables. ##
## ---------------- ##

ac_cv_build=x86_64-apple-darwin14.0.0
ac_cv_c_compiler_gnu=yes
ac_cv_c_const=yes
ac_cv_c_inline=inline
ac_cv_c_uint32_t=yes
ac_cv_c_volatile=yes
ac_cv_cxx_compiler_gnu=yes
ac_cv_env_ASCIIDOC_set=
ac_cv_env_ASCIIDOC_value=
ac_cv_env_CCC_set=
ac_cv_env_CCC_value=
ac_cv_env_CC_set=
ac_cv_env_CC_value=
ac_cv_env_CFLAGS_set=
ac_cv_env_CFLAGS_value=
ac_cv_env_CPPFLAGS_set=
ac_cv_env_CPPFLAGS_value=
ac_cv_env_CPP_set=
ac_cv_env_CPP_value=
ac_cv_env_CXXCPP_set=
ac_cv_env_CXXCPP_value=
ac_cv_env_CXXFLAGS_set=
ac_cv_env_CXXFLAGS_value=
ac_cv_env_CXX_set=
ac_cv_env_CXX_value=
ac_cv_env_LDFLAGS_set=
ac_cv_env_LDFLAGS_value=
ac_cv_env_LIBS_set=
ac_cv_env_LIBS_value=
ac_cv_env_OpenPGM_CFLAGS_set=
ac_cv_env_OpenPGM_CFLAGS_value=
ac_cv_env_OpenPGM_LIBS_set=
ac_cv_env_OpenPGM_LIBS_value=
ac_cv_env_PKG_CONFIG_LIBDIR_set=
ac_cv_env_PKG_CONFIG_LIBDIR_value=
ac_cv_env_PKG_CONFIG_PATH_set=
ac_cv_env_PKG_CONFIG_PATH_value=
ac_cv_env_PKG_CONFIG_set=
ac_cv_env_PKG_CONFIG_value=
ac_cv_env_XMLTO_set=
ac_cv_env_XMLTO_value=
ac_cv_env_build_alias_set=
ac_cv_env_build_alias_value=
ac_cv_env_host_alias_set=
ac_cv_env_host_alias_value=
ac_cv_env_target_alias_set=
ac_cv_env_target_alias_value=
ac_cv_func_clock_gettime=no
ac_cv_func_fork=yes
ac_cv_func_freeifaddrs=yes
ac_cv_func_getifaddrs=yes
ac_cv_func_gettimeofday=yes
ac_cv_func_memset=yes
ac_cv_func_perror=yes
ac_cv_func_socket=yes
ac_cv_header_alloca_h=yes
ac_cv_header_arpa_inet_h=yes
ac_cv_header_dlfcn_h=yes
ac_cv_header_errno_h=yes
ac_cv_header_ifaddrs_h=yes
ac_cv_header_inttypes_h=yes
ac_cv_header_limits_h=yes
ac_cv_header_memory_h=yes
ac_cv_header_netinet_in_h=yes
ac_cv_header_netinet_tcp_h=yes
ac_cv_header_stdbool_h=yes
ac_cv_header_stdc=yes
ac_cv_header_stddef_h=yes
ac_cv_header_stdint_h=yes
ac_cv_header_stdlib_h=yes
ac_cv_header_string_h=yes
ac_cv_header_strings_h=yes
ac_cv_header_sys_eventfd_h=no
ac_cv_header_sys_socket_h=yes
ac_cv_header_sys_stat_h=yes
ac_cv_header_sys_time_h=yes
ac_cv_header_sys_types_h=yes
ac_cv_header_sys_uio_h=yes
ac_cv_header_time=yes
ac_cv_header_time_h=yes
ac_cv_header_unistd_h=yes
ac_cv_host=x86_64-apple-darwin14.0.0
ac_cv_lib_pthread_pthread_create=yes
ac_cv_lib_rt_clock_gettime=no
ac_cv_lib_sodium_sodium_init=no
ac_cv_objext=o
ac_cv_path_EGREP='/usr/bin/grep -E'
ac_cv_path_FGREP='/usr/bin/grep -F'
ac_cv_path_GREP=/usr/bin/grep
ac_cv_path_SED=/usr/bin/sed
ac_cv_path_install='/usr/bin/install -c'
ac_cv_prog_AWK=awk
ac_cv_prog_CPP='gcc -E'
ac_cv_prog_CXXCPP='g++ -E'
ac_cv_prog_ac_ct_AR=ar
ac_cv_prog_ac_ct_CC=gcc
ac_cv_prog_ac_ct_CXX=g++
ac_cv_prog_ac_ct_DLLTOOL=dlltool
ac_cv_prog_ac_ct_DSYMUTIL=dsymutil
ac_cv_prog_ac_ct_LIPO=lipo
ac_cv_prog_ac_ct_NMEDIT=nmedit
ac_cv_prog_ac_ct_OBJDUMP=objdump
ac_cv_prog_ac_ct_OTOOL=otool
ac_cv_prog_ac_ct_RANLIB=ranlib
ac_cv_prog_ac_ct_STRIP=strip
ac_cv_prog_cc_c89=
ac_cv_prog_cc_c99=
ac_cv_prog_cc_g=yes
ac_cv_prog_cc_gcc_c_o=yes
ac_cv_prog_cxx_g=yes
ac_cv_prog_libzmq_have_asciidoc=no
ac_cv_prog_libzmq_have_xmlto=no
ac_cv_prog_make_make_set=yes
ac_cv_type__Bool=no
ac_cv_type_signal=void
ac_cv_type_size_t=yes
ac_cv_type_ssize_t=yes
am_cv_CC_dependencies_compiler_type=gcc3
am_cv_CXX_dependencies_compiler_type=gcc3
am_cv_make_support_nested_variables=yes
am_cv_prog_tar_ustar=gnutar
libzmq_cv_c_clang_compiler=yes
libzmq_cv_c_compiler_works=yes
libzmq_cv_c_gcc4_compiler=yes
libzmq_cv_c_intel_compiler=no
libzmq_cv_c_sun_studio_compiler=no
libzmq_cv_check_lang_flag_save_CPPFLAGS='-Wno-uninitialized -D_DARWIN_C_SOURCE -D_REENTRANT -D_THREAD_SAFE '
libzmq_cv_cxx_clang_compiler=yes
libzmq_cv_cxx_compiler_works=yes
libzmq_cv_cxx_gcc4_compiler=yes
libzmq_cv_cxx_intel_compiler=no
libzmq_cv_cxx_sun_studio_compiler=no
libzmq_cv_cxx_supports_flag__Wno_uninitialized=yes
libzmq_cv_cxx_supports_flag__fvisibility_hidden=yes
libzmq_cv_cxx_visibility_flag=-fvisibility=hidden
libzmq_cv_cxx_wall_flag=-Wall
libzmq_cv_cxx_werror_flag_save=
libzmq_cv_have_poller_kqueue=yes
libzmq_cv_poller=kqueue
libzmq_cv_poller_flag=ZMQ_FORCE_KQUEUE
libzmq_cv_so_keepalive=yes
libzmq_cv_sock_cloexec=no
libzmq_cv_tcp_keepalive=yes
libzmq_cv_tcp_keepcnt=yes
libzmq_cv_tcp_keepidle=no
libzmq_cv_tcp_keepintvl=yes
lt_cv_apple_cc_single_mod=yes
lt_cv_ar_at_file=no
lt_cv_deplibs_check_method=pass_all
lt_cv_file_magic_cmd='$MAGIC_CMD'
lt_cv_file_magic_test_file=
lt_cv_ld_exported_symbols_list=yes
lt_cv_ld_force_load=yes
lt_cv_ld_reload_flag=-r
lt_cv_nm_interface='BSD nm'
lt_cv_objdir=.libs
lt_cv_path_LD=/Library/Developer/CommandLineTools/usr/bin/ld
lt_cv_path_LDCXX=/Library/Developer/CommandLineTools/usr/bin/ld
lt_cv_path_NM=/usr/bin/nm
lt_cv_path_mainfest_tool=no
lt_cv_prog_compiler_c_o=yes
lt_cv_prog_compiler_c_o_CXX=yes
lt_cv_prog_compiler_pic='-fno-common -DPIC'
lt_cv_prog_compiler_pic_CXX='-fno-common -DPIC'
lt_cv_prog_compiler_pic_works=yes
lt_cv_prog_compiler_pic_works_CXX=yes
lt_cv_prog_compiler_rtti_exceptions=yes
lt_cv_prog_compiler_static_works=no
lt_cv_prog_compiler_static_works_CXX=no
lt_cv_prog_gnu_ld=no
lt_cv_prog_gnu_ldcxx=no
lt_cv_sharedlib_from_linklib_cmd='printf %s\n'
lt_cv_sys_global_symbol_pipe='sed -n -e '\''s/^.*[	 ]\([BCDEGRST][BCDEGRST]*\)[	 ][	 ]*_\([_A-Za-z][_A-Za-z0-9]*\)$/\1 _\2 \2/p'\'' | sed '\''/ __gnu_lto/d'\'''
lt_cv_sys_global_symbol_to_c_name_address='sed -n -e '\''s/^: \([^ ]*\)[ ]*$/  {\"\1\", (void *) 0},/p'\'' -e '\''s/^[BCDEGRST]* \([^ ]*\) \([^ ]*\)$/  {"\2", (void *) \&\2},/p'\'''
lt_cv_sys_global_symbol_to_c_name_address_lib_prefix='sed -n -e '\''s/^: \([^ ]*\)[ ]*$/  {\"\1\", (void *) 0},/p'\'' -e '\''s/^[BCDEGRST]* \([^ ]*\) \(lib[^ ]*\)$/  {"\2", (void *) \&\2},/p'\'' -e '\''s/^[BCDEGRST]* \([^ ]*\) \([^ ]*\)$/  {"lib\2", (void *) \&\2},/p'\'''
lt_cv_sys_global_symbol_to_cdecl='sed -n -e '\''s/^T .* \(.*\)$/extern int \1();/p'\'' -e '\''s/^[BCDEGRST]* .* \(.*\)$/extern char \1;/p'\'''
lt_cv_sys_max_cmd_len=196608
lt_cv_to_host_file_cmd=func_convert_file_noop
lt_cv_to_tool_file_cmd=func_convert_file_noop

## ----------------- ##
## Output variables. ##
## ----------------- ##

ACLOCAL='${SHELL} /Users/apple/project/SwiftSnails/third/zeromq-4.0.5/config/missing --run aclocal-1.11'
AMDEPBACKSLASH='\'
AMDEP_FALSE='#'
AMDEP_TRUE=''
AMTAR='$${TAR-tar}'
AM_BACKSLASH='\'
AM_DEFAULT_V='$(AM_DEFAULT_VERBOSITY)'
AM_DEFAULT_VERBOSITY='0'
AM_V='$(V)'
AR='ar'
AS='as'
ASCIIDOC=''
AUTOCONF='${SHELL} /Users/apple/project/SwiftSnails/third/zeromq-4.0.5/config/missing --run autoconf'
AUTOHEADER='${SHELL} /Users/apple/project/SwiftSnails/third/zeromq-4.0.5/config/missing --run autoheader'
AUTOMAKE='${SHELL} /Users/apple/project/SwiftSnails/third/zeromq-4.0.5/config/missing --run automake-1.11'
AWK='awk'
BUILD_DOC_FALSE=''
BUILD_DOC_TRUE='#'
BUILD_PGM_FALSE=''
BUILD_PGM_TRUE='#'
CC='gcc'
CCDEPMODE='depmode=gcc3'
CFLAGS='-g -O2'
CPP='gcc -E'
CPPFLAGS='-Wall -Wno-uninitialized -D_DARWIN_C_SOURCE -D_REENTRANT -D_THREAD_SAFE  -DZMQ_FORCE_KQUEUE'
CXX='g++'
CXXCPP='g++ -E'
CXXDEPMODE='depmode=gcc3'
CXXFLAGS='-g -O2'
CYGPATH_W='echo'
DEFS='-DHAVE_CONFIG_H'
DEPDIR='.deps'
DLLTOOL='dlltool'
DSYMUTIL='dsymutil'
DUMPBIN=''
ECHO_C='\c'
ECHO_N=''
ECHO_T=''
EGREP='/usr/bin/grep -E'
EXEEXT=''
FGREP='/usr/bin/grep -F'
GREP='/usr/bin/grep'
INSTALL_DATA='${INSTALL} -m 644'
INSTALL_MAN_FALSE='#'
INSTALL_MAN_TRUE=''
INSTALL_PROGRAM='${INSTALL}'
INSTALL_SCRIPT='${INSTALL}'
INSTALL_STRIP_PROGRAM='$(install_sh) -c -s'
LD='/Library/Developer/CommandLineTools/usr/bin/ld'
LDFLAGS=''
LIBOBJS=''
LIBS='-lpthread '
LIBTOOL='$(SHELL) $(top_builddir)/libtool'
LIBZMQ_EXTRA_CFLAGS=''
LIBZMQ_EXTRA_CXXFLAGS='-fvisibility=hidden '
LIBZMQ_EXTRA_LDFLAGS=''
LIPO='lipo'
LN_S='ln -s'
LTLIBOBJS=''
LTVER='4:0:0'
MAKEINFO='${SHELL} /Users/apple/project/SwiftSnails/third/zeromq-4.0.5/config/missing --run makeinfo'
MANIFEST_TOOL=':'
MKDIR_P='config/install-sh -c -d'
NM='/usr/bin/nm'
NMEDIT='nmedit'
OBJDUMP='objdump'
OBJEXT='o'
ON_ANDROID_FALSE=''
ON_ANDROID_TRUE='#'
ON_LINUX_FALSE=''
ON_LINUX_TRUE='#'
ON_MINGW_FALSE=''
ON_MINGW_TRUE='#'
OTOOL64=':'
OTOOL='otool'
OpenPGM_CFLAGS=''
OpenPGM_LIBS=''
PACKAGE='zeromq'
PACKAGE_BUGREPORT='zeromq-dev@lists.zeromq.org'
PACKAGE_NAME='zeromq'
PACKAGE_STRING='zeromq 4.0.5'
PACKAGE_TARNAME='zeromq'
PACKAGE_URL=''
PACKAGE_VERSION='4.0.5'
PATH_SEPARATOR=':'
PKG_CONFIG=''
PKG_CONFIG_LIBDIR=''
PKG_CONFIG_PATH=''
RANLIB='ranlib'
SED='/usr/bin/sed'
SET_MAKE=''
SHELL='/bin/sh'
STRIP='strip'
VERSION='4.0.5'
XMLTO=''
ac_ct_AR='ar'
ac_ct_CC='gcc'
ac_ct_CXX='g++'
ac_ct_DUMPBIN=''
am__EXEEXT_FALSE=''
am__EXEEXT_TRUE='#'
am__fastdepCC_FALSE='#'
am__fastdepCC_TRUE=''
am__fastdepCXX_FALSE='#'
am__fastdepCXX_TRUE=''
am__include='include'
am__isrc=''
am__leading_dot='.'
am__nodep='_no'
am__quote=''
am__tar='tar --format=ustar -chf - "$$tardir"'
am__untar='tar -xf -'
bindir='${exec_prefix}/bin'
build='x86_64-apple-darwin14.0.0'
build_alias=''
build_cpu='x86_64'
build_os='darwin14.0.0'
build_vendor='apple'
datadir='${datarootdir}'
datarootdir='${prefix}/share'
docdir='${datarootdir}/doc/${PACKAGE_TARNAME}'
dvidir='${docdir}'
exec_prefix='${prefix}'
host='x86_64-apple-darwin14.0.0'
host_alias=''
host_cpu='x86_64'
host_os='darwin14.0.0'
host_vendor='apple'
htmldir='${docdir}'
includedir='${prefix}/include'
infodir='${datarootdir}/info'
install_sh='${SHELL} /Users/apple/project/SwiftSnails/third/zeromq-4.0.5/config/install-sh'
libdir='${exec_prefix}/lib'
libexecdir='${exec_prefix}/libexec'
libzmq_have_asciidoc='no'
libzmq_have_xmlto='no'
localedir='${datarootdir}/locale'
localstatedir='${prefix}/var'
mandir='${datarootdir}/man'
mkdir_p='$(top_builddir)/config/install-sh -c -d'
oldincludedir='/usr/include'
pdfdir='${docdir}'
pgm_basename='libpgm-5.2.122~dfsg'
pgm_srcdir=''
pgm_subdir=''
prefix='/Users/apple/project/SwiftSnails/third/zeromq-4.0.5/../local/zeromq'
program_transform_name='s,x,x,'
psdir='${docdir}'
sbindir='${exec_prefix}/sbin'
sharedstatedir='${prefix}/com'
subdirs=''
sysconfdir='${prefix}/etc'
target_alias=''

## ----------- ##
## confdefs.h. ##
## ----------- ##

/* confdefs.h */
#define PACKAGE_NAME "zeromq"
#define PACKAGE_TARNAME "zeromq"
#define PACKAGE_VERSION "4.0.5"
#define PACKAGE_STRING "zeromq 4.0.5"
#define PACKAGE_BUGREPORT "zeromq-dev@lists.zeromq.org"
#define PACKAGE_URL ""
#define PACKAGE "zeromq"
#define VERSION "4.0.5"
#define STDC_HEADERS 1
#define HAVE_SYS_TYPES_H 1
#define HAVE_SYS_STAT_H 1
#define HAVE_STDLIB_H 1
#define HAVE_STRING_H 1
#define HAVE_MEMORY_H 1
#define HAVE_STRINGS_H 1
#define HAVE_INTTYPES_H 1
#define HAVE_STDINT_H 1
#define HAVE_UNISTD_H 1
#define HAVE_DLFCN_H 1
#define LT_OBJDIR ".libs/"
#define ZMQ_HAVE_OSX 1
#define HAVE_LIBPTHREAD 1
#define STDC_HEADERS 1
#define HAVE_ERRNO_H 1
#define HAVE_ARPA_INET_H 1
#define HAVE_NETINET_TCP_H 1
#define HAVE_NETINET_IN_H 1
#define HAVE_STDDEF_H 1
#define HAVE_STDLIB_H 1
#define HAVE_STRING_H 1
#define HAVE_SYS_SOCKET_H 1
#define HAVE_SYS_TIME_H 1
#define HAVE_TIME_H 1
#define HAVE_UNISTD_H 1
#define HAVE_LIMITS_H 1
#define HAVE_IFADDRS_H 1
#define ZMQ_HAVE_IFADDRS 1
#define HAVE_SYS_UIO_H 1
#define ZMQ_HAVE_UIO 1
#define HAVE_STDBOOL_H 1
#define TIME_WITH_SYS_TIME 1
#define RETSIGTYPE void
#define HAVE_PERROR 1
#define HAVE_GETTIMEOFDAY 1
#define HAVE_MEMSET 1
#define HAVE_SOCKET 1
#define HAVE_GETIFADDRS 1
#define HAVE_FREEIFADDRS 1
#define HAVE_FORK 1
#define HAVE_ALLOCA_H 1
#define ZMQ_HAVE_SO_KEEPALIVE 1
#define ZMQ_HAVE_TCP_KEEPCNT 1
#define ZMQ_HAVE_TCP_KEEPINTVL 1
#define ZMQ_HAVE_TCP_KEEPALIVE 1

configure: exit 0
